c:\users\akerz\desktop\sfmlgame\sfmlgame\debug\vc140.pdb
c:\users\akerz\desktop\sfmlgame\sfmlgame\debug\vc140.idb
c:\users\akerz\desktop\sfmlgame\sfmlgame\debug\block.obj
c:\users\akerz\desktop\sfmlgame\sfmlgame\debug\bot.obj
c:\users\akerz\desktop\sfmlgame\sfmlgame\debug\character.obj
c:\users\akerz\desktop\sfmlgame\sfmlgame\debug\game.obj
c:\users\akerz\desktop\sfmlgame\sfmlgame\debug\game_map.obj
c:\users\akerz\desktop\sfmlgame\sfmlgame\debug\gui.obj
c:\users\akerz\desktop\sfmlgame\sfmlgame\debug\level.obj
c:\users\akerz\desktop\sfmlgame\sfmlgame\debug\main.obj
c:\users\akerz\desktop\sfmlgame\sfmlgame\debug\menu.obj
c:\users\akerz\desktop\sfmlgame\sfmlgame\debug\menusettings.obj
c:\users\akerz\desktop\sfmlgame\sfmlgame\debug\player.obj
c:\users\akerz\desktop\sfmlgame\sfmlgame\debug\tinystr.obj
c:\users\akerz\desktop\sfmlgame\sfmlgame\debug\tinyxml.obj
c:\users\akerz\desktop\sfmlgame\sfmlgame\debug\tinyxmlerror.obj
c:\users\akerz\desktop\sfmlgame\sfmlgame\debug\tinyxmlparser.obj
c:\users\akerz\desktop\sfmlgame\sfmlgame\debug\view.obj
c:\users\akerz\desktop\sfmlgame\sfmlgame\debug\foxbot.obj
c:\users\akerz\desktop\sfmlgame\sfmlgame\debug\botfox.obj
c:\users\akerz\desktop\sfmlgame\sfmlgame\debug\enamies.obj
c:\users\akerz\desktop\sfmlgame\debug\sfmlgame.ilk
c:\users\akerz\desktop\sfmlgame\debug\sfmlgame.exe
c:\users\akerz\desktop\sfmlgame\debug\sfmlgame.pdb
c:\users\akerz\desktop\sfmlgame\sfmlgame\debug\sfmlgame.res
c:\users\akerz\desktop\sfmlgame\sfmlgame\debug\sfmlgame.tlog\cl.command.1.tlog
c:\users\akerz\desktop\sfmlgame\sfmlgame\debug\sfmlgame.tlog\cl.read.1.tlog
c:\users\akerz\desktop\sfmlgame\sfmlgame\debug\sfmlgame.tlog\cl.write.1.tlog
c:\users\akerz\desktop\sfmlgame\sfmlgame\debug\sfmlgame.tlog\link.command.1.tlog
c:\users\akerz\desktop\sfmlgame\sfmlgame\debug\sfmlgame.tlog\link.read.1.tlog
c:\users\akerz\desktop\sfmlgame\sfmlgame\debug\sfmlgame.tlog\link.write.1.tlog
c:\users\akerz\desktop\sfmlgame\sfmlgame\debug\sfmlgame.tlog\rc.command.1.tlog
c:\users\akerz\desktop\sfmlgame\sfmlgame\debug\sfmlgame.tlog\rc.read.1.tlog
c:\users\akerz\desktop\sfmlgame\sfmlgame\debug\sfmlgame.tlog\rc.write.1.tlog
