c:\users\dubr_kg66\desktop\-course-work-master\sfmlgame\release\vc140.pdb
c:\users\dubr_kg66\desktop\-course-work-master\sfmlgame\release\view.obj
c:\users\dubr_kg66\desktop\-course-work-master\sfmlgame\release\tinyxmlparser.obj
c:\users\dubr_kg66\desktop\-course-work-master\sfmlgame\release\tinyxmlerror.obj
c:\users\dubr_kg66\desktop\-course-work-master\sfmlgame\release\tinyxml.obj
c:\users\dubr_kg66\desktop\-course-work-master\sfmlgame\release\tinystr.obj
c:\users\dubr_kg66\desktop\-course-work-master\sfmlgame\release\player.obj
c:\users\dubr_kg66\desktop\-course-work-master\sfmlgame\release\menusettings.obj
c:\users\dubr_kg66\desktop\-course-work-master\sfmlgame\release\menu.obj
c:\users\dubr_kg66\desktop\-course-work-master\sfmlgame\release\main.obj
c:\users\dubr_kg66\desktop\-course-work-master\sfmlgame\release\level.obj
c:\users\dubr_kg66\desktop\-course-work-master\sfmlgame\release\inventary.obj
c:\users\dubr_kg66\desktop\-course-work-master\sfmlgame\release\gui.obj
c:\users\dubr_kg66\desktop\-course-work-master\sfmlgame\release\game_map.obj
c:\users\dubr_kg66\desktop\-course-work-master\sfmlgame\release\game.obj
c:\users\dubr_kg66\desktop\-course-work-master\sfmlgame\release\enamies.obj
c:\users\dubr_kg66\desktop\-course-work-master\sfmlgame\release\damage.obj
c:\users\dubr_kg66\desktop\-course-work-master\sfmlgame\release\character.obj
c:\users\dubr_kg66\desktop\-course-work-master\sfmlgame\release\botfox.obj
c:\users\dubr_kg66\desktop\-course-work-master\sfmlgame\release\block.obj
c:\users\dubr_kg66\desktop\-course-work-master\sfmlgame\release\animation.obj
c:\users\dubr_kg66\desktop\-course-work-master\release\sfmlgame.exe
c:\users\dubr_kg66\desktop\-course-work-master\release\sfmlgame.ipdb
c:\users\dubr_kg66\desktop\-course-work-master\release\sfmlgame.iobj
c:\users\dubr_kg66\desktop\-course-work-master\release\sfmlgame.pdb
c:\users\dubr_kg66\desktop\-course-work-master\sfmlgame\release\sfmlgame.res
c:\users\dubr_kg66\desktop\-course-work-master\sfmlgame\release\sfmlgame.tlog\cl.command.1.tlog
c:\users\dubr_kg66\desktop\-course-work-master\sfmlgame\release\sfmlgame.tlog\cl.read.1.tlog
c:\users\dubr_kg66\desktop\-course-work-master\sfmlgame\release\sfmlgame.tlog\cl.write.1.tlog
c:\users\dubr_kg66\desktop\-course-work-master\sfmlgame\release\sfmlgame.tlog\link.command.1.tlog
c:\users\dubr_kg66\desktop\-course-work-master\sfmlgame\release\sfmlgame.tlog\link.read.1.tlog
c:\users\dubr_kg66\desktop\-course-work-master\sfmlgame\release\sfmlgame.tlog\link.write.1.tlog
c:\users\dubr_kg66\desktop\-course-work-master\sfmlgame\release\sfmlgame.tlog\rc.command.1.tlog
c:\users\dubr_kg66\desktop\-course-work-master\sfmlgame\release\sfmlgame.tlog\rc.read.1.tlog
c:\users\dubr_kg66\desktop\-course-work-master\sfmlgame\release\sfmlgame.tlog\rc.write.1.tlog
