  Main.cpp
c:\users\akerz\desktop\sfmlgame\sfmlgame\entity.h(49): warning C4244: 'argument': conversion from 'float' to 'int', possible loss of data
c:\users\akerz\desktop\sfmlgame\sfmlgame\entity.h(50): warning C4244: 'argument': conversion from 'float' to 'int', possible loss of data
c:\users\akerz\desktop\sfmlgame\sfmlgame\entity.h(57): warning C4244: 'argument': conversion from 'float' to 'int', possible loss of data
c:\users\akerz\desktop\sfmlgame\sfmlgame\entity.h(67): warning C4244: '=': conversion from 'int' to 'float', possible loss of data
c:\users\akerz\desktop\sfmlgame\sfmlgame\entity.h(68): warning C4244: '=': conversion from 'int' to 'float', possible loss of data
c:\users\akerz\desktop\sfmlgame\sfmlgame\entity.h(73): warning C4244: '=': conversion from 'int' to 'float', possible loss of data
c:\users\akerz\desktop\sfmlgame\sfmlgame\entity.h(74): warning C4244: '=': conversion from 'int' to 'float', possible loss of data
c:\users\akerz\desktop\sfmlgame\sfmlgame\entity.h(82): warning C4244: '=': conversion from 'int' to 'float', possible loss of data
c:\users\akerz\desktop\sfmlgame\sfmlgame\entity.h(128): warning C4244: 'argument': conversion from 'float' to 'int', possible loss of data
c:\users\akerz\desktop\sfmlgame\sfmlgame\entity.h(186): warning C4244: 'return': conversion from 'float' to 'int', possible loss of data
c:\users\akerz\desktop\sfmlgame\sfmlgame\entity.h(189): warning C4244: 'return': conversion from 'float' to 'int', possible loss of data
c:\users\akerz\desktop\sfmlgame\sfmlgame\game_map.h(72): warning C4018: '<': signed/unsigned mismatch
c:\users\akerz\desktop\sfmlgame\sfmlgame\player.h(85): warning C4244: 'argument': conversion from 'float' to 'int', possible loss of data
Main.cpp(14): warning C4244: 'argument': conversion from 'time_t' to 'unsigned int', possible loss of data
  botFox.cpp
c:\users\akerz\desktop\sfmlgame\sfmlgame\entity.h(49): warning C4244: 'argument': conversion from 'float' to 'int', possible loss of data
c:\users\akerz\desktop\sfmlgame\sfmlgame\entity.h(50): warning C4244: 'argument': conversion from 'float' to 'int', possible loss of data
c:\users\akerz\desktop\sfmlgame\sfmlgame\entity.h(57): warning C4244: 'argument': conversion from 'float' to 'int', possible loss of data
c:\users\akerz\desktop\sfmlgame\sfmlgame\entity.h(67): warning C4244: '=': conversion from 'int' to 'float', possible loss of data
c:\users\akerz\desktop\sfmlgame\sfmlgame\entity.h(68): warning C4244: '=': conversion from 'int' to 'float', possible loss of data
c:\users\akerz\desktop\sfmlgame\sfmlgame\entity.h(73): warning C4244: '=': conversion from 'int' to 'float', possible loss of data
c:\users\akerz\desktop\sfmlgame\sfmlgame\entity.h(74): warning C4244: '=': conversion from 'int' to 'float', possible loss of data
c:\users\akerz\desktop\sfmlgame\sfmlgame\entity.h(82): warning C4244: '=': conversion from 'int' to 'float', possible loss of data
c:\users\akerz\desktop\sfmlgame\sfmlgame\entity.h(128): warning C4244: 'argument': conversion from 'float' to 'int', possible loss of data
c:\users\akerz\desktop\sfmlgame\sfmlgame\entity.h(186): warning C4244: 'return': conversion from 'float' to 'int', possible loss of data
c:\users\akerz\desktop\sfmlgame\sfmlgame\entity.h(189): warning C4244: 'return': conversion from 'float' to 'int', possible loss of data
c:\users\akerz\desktop\sfmlgame\sfmlgame\game_map.h(72): warning C4018: '<': signed/unsigned mismatch
botFox.cpp(16): warning C4244: 'argument': conversion from 'float' to 'int', possible loss of data
botFox.cpp(20): warning C4244: '+=': conversion from 'double' to 'float', possible loss of data
botFox.cpp(28): warning C4244: '+=': conversion from 'double' to 'float', possible loss of data
botFox.cpp(39): warning C4244: '+=': conversion from 'double' to 'float', possible loss of data
botFox.cpp(40): warning C4244: '+=': conversion from 'double' to 'float', possible loss of data
botFox.cpp(57): warning C4018: '<': signed/unsigned mismatch
botFox.cpp(86): warning C4018: '<': signed/unsigned mismatch
  character.cpp
c:\users\akerz\desktop\sfmlgame\sfmlgame\entity.h(49): warning C4244: 'argument': conversion from 'float' to 'int', possible loss of data
c:\users\akerz\desktop\sfmlgame\sfmlgame\entity.h(50): warning C4244: 'argument': conversion from 'float' to 'int', possible loss of data
c:\users\akerz\desktop\sfmlgame\sfmlgame\entity.h(57): warning C4244: 'argument': conversion from 'float' to 'int', possible loss of data
c:\users\akerz\desktop\sfmlgame\sfmlgame\entity.h(67): warning C4244: '=': conversion from 'int' to 'float', possible loss of data
c:\users\akerz\desktop\sfmlgame\sfmlgame\entity.h(68): warning C4244: '=': conversion from 'int' to 'float', possible loss of data
c:\users\akerz\desktop\sfmlgame\sfmlgame\entity.h(73): warning C4244: '=': conversion from 'int' to 'float', possible loss of data
c:\users\akerz\desktop\sfmlgame\sfmlgame\entity.h(74): warning C4244: '=': conversion from 'int' to 'float', possible loss of data
c:\users\akerz\desktop\sfmlgame\sfmlgame\entity.h(82): warning C4244: '=': conversion from 'int' to 'float', possible loss of data
c:\users\akerz\desktop\sfmlgame\sfmlgame\entity.h(128): warning C4244: 'argument': conversion from 'float' to 'int', possible loss of data
c:\users\akerz\desktop\sfmlgame\sfmlgame\entity.h(186): warning C4244: 'return': conversion from 'float' to 'int', possible loss of data
c:\users\akerz\desktop\sfmlgame\sfmlgame\entity.h(189): warning C4244: 'return': conversion from 'float' to 'int', possible loss of data
c:\users\akerz\desktop\sfmlgame\sfmlgame\game_map.h(72): warning C4018: '<': signed/unsigned mismatch
  enamies.cpp
c:\users\akerz\desktop\sfmlgame\sfmlgame\entity.h(49): warning C4244: 'argument': conversion from 'float' to 'int', possible loss of data
c:\users\akerz\desktop\sfmlgame\sfmlgame\entity.h(50): warning C4244: 'argument': conversion from 'float' to 'int', possible loss of data
c:\users\akerz\desktop\sfmlgame\sfmlgame\entity.h(57): warning C4244: 'argument': conversion from 'float' to 'int', possible loss of data
c:\users\akerz\desktop\sfmlgame\sfmlgame\entity.h(67): warning C4244: '=': conversion from 'int' to 'float', possible loss of data
c:\users\akerz\desktop\sfmlgame\sfmlgame\entity.h(68): warning C4244: '=': conversion from 'int' to 'float', possible loss of data
c:\users\akerz\desktop\sfmlgame\sfmlgame\entity.h(73): warning C4244: '=': conversion from 'int' to 'float', possible loss of data
c:\users\akerz\desktop\sfmlgame\sfmlgame\entity.h(74): warning C4244: '=': conversion from 'int' to 'float', possible loss of data
c:\users\akerz\desktop\sfmlgame\sfmlgame\entity.h(82): warning C4244: '=': conversion from 'int' to 'float', possible loss of data
c:\users\akerz\desktop\sfmlgame\sfmlgame\entity.h(128): warning C4244: 'argument': conversion from 'float' to 'int', possible loss of data
c:\users\akerz\desktop\sfmlgame\sfmlgame\entity.h(186): warning C4244: 'return': conversion from 'float' to 'int', possible loss of data
c:\users\akerz\desktop\sfmlgame\sfmlgame\entity.h(189): warning C4244: 'return': conversion from 'float' to 'int', possible loss of data
c:\users\akerz\desktop\sfmlgame\sfmlgame\game_map.h(72): warning C4018: '<': signed/unsigned mismatch
  game.cpp
c:\users\akerz\desktop\sfmlgame\sfmlgame\entity.h(49): warning C4244: 'argument': conversion from 'float' to 'int', possible loss of data
c:\users\akerz\desktop\sfmlgame\sfmlgame\entity.h(50): warning C4244: 'argument': conversion from 'float' to 'int', possible loss of data
c:\users\akerz\desktop\sfmlgame\sfmlgame\entity.h(57): warning C4244: 'argument': conversion from 'float' to 'int', possible loss of data
c:\users\akerz\desktop\sfmlgame\sfmlgame\entity.h(67): warning C4244: '=': conversion from 'int' to 'float', possible loss of data
c:\users\akerz\desktop\sfmlgame\sfmlgame\entity.h(68): warning C4244: '=': conversion from 'int' to 'float', possible loss of data
c:\users\akerz\desktop\sfmlgame\sfmlgame\entity.h(73): warning C4244: '=': conversion from 'int' to 'float', possible loss of data
c:\users\akerz\desktop\sfmlgame\sfmlgame\entity.h(74): warning C4244: '=': conversion from 'int' to 'float', possible loss of data
c:\users\akerz\desktop\sfmlgame\sfmlgame\entity.h(82): warning C4244: '=': conversion from 'int' to 'float', possible loss of data
c:\users\akerz\desktop\sfmlgame\sfmlgame\entity.h(128): warning C4244: 'argument': conversion from 'float' to 'int', possible loss of data
c:\users\akerz\desktop\sfmlgame\sfmlgame\entity.h(186): warning C4244: 'return': conversion from 'float' to 'int', possible loss of data
c:\users\akerz\desktop\sfmlgame\sfmlgame\entity.h(189): warning C4244: 'return': conversion from 'float' to 'int', possible loss of data
c:\users\akerz\desktop\sfmlgame\sfmlgame\game_map.h(72): warning C4018: '<': signed/unsigned mismatch
c:\users\akerz\desktop\sfmlgame\sfmlgame\player.h(85): warning C4244: 'argument': conversion from 'float' to 'int', possible loss of data
game.cpp(42): warning C4244: '=': conversion from 'sf::Int64' to 'float', possible loss of data
  game_map.cpp
c:\users\akerz\desktop\sfmlgame\sfmlgame\entity.h(49): warning C4244: 'argument': conversion from 'float' to 'int', possible loss of data
c:\users\akerz\desktop\sfmlgame\sfmlgame\entity.h(50): warning C4244: 'argument': conversion from 'float' to 'int', possible loss of data
c:\users\akerz\desktop\sfmlgame\sfmlgame\entity.h(57): warning C4244: 'argument': conversion from 'float' to 'int', possible loss of data
c:\users\akerz\desktop\sfmlgame\sfmlgame\entity.h(67): warning C4244: '=': conversion from 'int' to 'float', possible loss of data
c:\users\akerz\desktop\sfmlgame\sfmlgame\entity.h(68): warning C4244: '=': conversion from 'int' to 'float', possible loss of data
c:\users\akerz\desktop\sfmlgame\sfmlgame\entity.h(73): warning C4244: '=': conversion from 'int' to 'float', possible loss of data
c:\users\akerz\desktop\sfmlgame\sfmlgame\entity.h(74): warning C4244: '=': conversion from 'int' to 'float', possible loss of data
c:\users\akerz\desktop\sfmlgame\sfmlgame\entity.h(82): warning C4244: '=': conversion from 'int' to 'float', possible loss of data
c:\users\akerz\desktop\sfmlgame\sfmlgame\entity.h(128): warning C4244: 'argument': conversion from 'float' to 'int', possible loss of data
c:\users\akerz\desktop\sfmlgame\sfmlgame\entity.h(186): warning C4244: 'return': conversion from 'float' to 'int', possible loss of data
c:\users\akerz\desktop\sfmlgame\sfmlgame\entity.h(189): warning C4244: 'return': conversion from 'float' to 'int', possible loss of data
c:\users\akerz\desktop\sfmlgame\sfmlgame\game_map.h(72): warning C4018: '<': signed/unsigned mismatch
c:\users\akerz\desktop\sfmlgame\sfmlgame\opensilver.h(41): warning C4018: '<': signed/unsigned mismatch
c:\users\akerz\desktop\sfmlgame\sfmlgame\opengold.h(41): warning C4018: '<': signed/unsigned mismatch
  gui.cpp
c:\users\akerz\desktop\sfmlgame\sfmlgame\entity.h(49): warning C4244: 'argument': conversion from 'float' to 'int', possible loss of data
c:\users\akerz\desktop\sfmlgame\sfmlgame\entity.h(50): warning C4244: 'argument': conversion from 'float' to 'int', possible loss of data
c:\users\akerz\desktop\sfmlgame\sfmlgame\entity.h(57): warning C4244: 'argument': conversion from 'float' to 'int', possible loss of data
c:\users\akerz\desktop\sfmlgame\sfmlgame\entity.h(67): warning C4244: '=': conversion from 'int' to 'float', possible loss of data
c:\users\akerz\desktop\sfmlgame\sfmlgame\entity.h(68): warning C4244: '=': conversion from 'int' to 'float', possible loss of data
c:\users\akerz\desktop\sfmlgame\sfmlgame\entity.h(73): warning C4244: '=': conversion from 'int' to 'float', possible loss of data
c:\users\akerz\desktop\sfmlgame\sfmlgame\entity.h(74): warning C4244: '=': conversion from 'int' to 'float', possible loss of data
c:\users\akerz\desktop\sfmlgame\sfmlgame\entity.h(82): warning C4244: '=': conversion from 'int' to 'float', possible loss of data
c:\users\akerz\desktop\sfmlgame\sfmlgame\entity.h(128): warning C4244: 'argument': conversion from 'float' to 'int', possible loss of data
c:\users\akerz\desktop\sfmlgame\sfmlgame\entity.h(186): warning C4244: 'return': conversion from 'float' to 'int', possible loss of data
c:\users\akerz\desktop\sfmlgame\sfmlgame\entity.h(189): warning C4244: 'return': conversion from 'float' to 'int', possible loss of data
c:\users\akerz\desktop\sfmlgame\sfmlgame\game_map.h(72): warning C4018: '<': signed/unsigned mismatch
c:\users\akerz\desktop\sfmlgame\sfmlgame\player.h(85): warning C4244: 'argument': conversion from 'float' to 'int', possible loss of data
gui.cpp(83): warning C4244: 'initializing': conversion from 'float' to 'int', possible loss of data
gui.cpp(84): warning C4244: 'initializing': conversion from 'float' to 'int', possible loss of data
gui.cpp(283): warning C4244: '=': conversion from 'float' to 'int', possible loss of data
  player.cpp
c:\users\akerz\desktop\sfmlgame\sfmlgame\entity.h(49): warning C4244: 'argument': conversion from 'float' to 'int', possible loss of data
c:\users\akerz\desktop\sfmlgame\sfmlgame\entity.h(50): warning C4244: 'argument': conversion from 'float' to 'int', possible loss of data
c:\users\akerz\desktop\sfmlgame\sfmlgame\entity.h(57): warning C4244: 'argument': conversion from 'float' to 'int', possible loss of data
c:\users\akerz\desktop\sfmlgame\sfmlgame\entity.h(67): warning C4244: '=': conversion from 'int' to 'float', possible loss of data
c:\users\akerz\desktop\sfmlgame\sfmlgame\entity.h(68): warning C4244: '=': conversion from 'int' to 'float', possible loss of data
c:\users\akerz\desktop\sfmlgame\sfmlgame\entity.h(73): warning C4244: '=': conversion from 'int' to 'float', possible loss of data
c:\users\akerz\desktop\sfmlgame\sfmlgame\entity.h(74): warning C4244: '=': conversion from 'int' to 'float', possible loss of data
c:\users\akerz\desktop\sfmlgame\sfmlgame\entity.h(82): warning C4244: '=': conversion from 'int' to 'float', possible loss of data
c:\users\akerz\desktop\sfmlgame\sfmlgame\entity.h(128): warning C4244: 'argument': conversion from 'float' to 'int', possible loss of data
c:\users\akerz\desktop\sfmlgame\sfmlgame\entity.h(186): warning C4244: 'return': conversion from 'float' to 'int', possible loss of data
c:\users\akerz\desktop\sfmlgame\sfmlgame\entity.h(189): warning C4244: 'return': conversion from 'float' to 'int', possible loss of data
c:\users\akerz\desktop\sfmlgame\sfmlgame\game_map.h(72): warning C4018: '<': signed/unsigned mismatch
c:\users\akerz\desktop\sfmlgame\sfmlgame\player.h(85): warning C4244: 'argument': conversion from 'float' to 'int', possible loss of data
c:\users\akerz\desktop\sfmlgame\sfmlgame\opensilver.h(41): warning C4018: '<': signed/unsigned mismatch
c:\users\akerz\desktop\sfmlgame\sfmlgame\opengold.h(41): warning C4018: '<': signed/unsigned mismatch
player.cpp(19): warning C4244: '+=': conversion from 'double' to 'float', possible loss of data
player.cpp(34): warning C4305: 'argument': truncation from 'double' to 'float'
player.cpp(35): warning C4244: '+=': conversion from 'double' to 'float', possible loss of data
player.cpp(47): warning C4244: '+=': conversion from 'double' to 'float', possible loss of data
player.cpp(53): warning C4305: 'argument': truncation from 'double' to 'float'
player.cpp(60): warning C4305: 'argument': truncation from 'double' to 'float'
player.cpp(61): warning C4244: '+=': conversion from 'double' to 'float', possible loss of data
player.cpp(72): warning C4305: 'argument': truncation from 'double' to 'float'
player.cpp(74): warning C4244: '+=': conversion from 'double' to 'float', possible loss of data
player.cpp(85): warning C4244: 'argument': conversion from 'float' to 'int', possible loss of data
player.cpp(96): warning C4244: '+=': conversion from 'double' to 'float', possible loss of data
player.cpp(125): warning C4018: '<': signed/unsigned mismatch
  Generating code
  3 of 1255 functions ( 0.2%) were compiled, the rest were copied from previous compilation.
    2 functions were new in current compilation
    71 functions had inline decision re-evaluated but remain unchanged
  Finished generating code
  SfmlGame.vcxproj -> C:\Users\akerz\Desktop\SfmlGame\Release\SfmlGame.exe
  SfmlGame.vcxproj -> C:\Users\akerz\Desktop\SfmlGame\Release\SfmlGame.pdb (Full PDB)
